number,value,datetime_start,datetime_complete,duration,params_batch_size,params_epochs,params_lr,params_rot_inv,state
312,0.03010673262178898,2022-10-13 05:45:08.585577,2022-10-13 06:08:18.187522,0 days 00:23:09.601945,21,19,0.0006475200377550894,0,COMPLETE
313,0.03544662520289421,2022-10-13 05:51:24.832253,2022-10-13 06:14:31.894679,0 days 00:23:07.062426,21,19,0.00035893729539929133,0,COMPLETE
314,0.02935817465186119,2022-10-13 05:57:13.108766,2022-10-13 06:20:40.770070,0 days 00:23:27.661304,20,19,0.0006084664801733209,0,COMPLETE
315,0.032631389796733856,2022-10-13 06:00:16.600661,2022-10-13 06:23:35.813663,0 days 00:23:19.213002,23,19,0.0006093255684623343,0,COMPLETE
316,0.0308612622320652,2022-10-13 06:06:33.472105,2022-10-13 06:29:57.895837,0 days 00:23:24.423732,21,19,0.0006193899792842126,0,COMPLETE
317,0.03388554975390434,2022-10-13 06:08:18.268677,2022-10-13 06:31:36.067087,0 days 00:23:17.798410,20,19,0.0004081937976071365,0,COMPLETE
318,0.03170187398791313,2022-10-13 06:14:32.070091,2022-10-13 06:37:52.277118,0 days 00:23:20.207027,20,19,0.0005975546346416835,0,COMPLETE
319,0.032402195036411285,2022-10-13 06:20:40.875656,2022-10-13 06:44:30.000565,0 days 00:23:49.124909,19,19,0.0006050944223629468,0,COMPLETE
320,0.030888669192790985,2022-10-13 06:23:35.938570,2022-10-13 06:47:44.358866,0 days 00:24:08.420296,19,19,0.0004041400316077817,0,COMPLETE
321,0.029341768473386765,2022-10-13 06:29:57.984787,2022-10-13 06:53:48.518927,0 days 00:23:50.534140,19,19,0.0003831912212547394,0,COMPLETE
322,0.028917768970131874,2022-10-13 06:31:36.148289,2022-10-13 06:55:07.186538,0 days 00:23:31.038249,19,19,0.0005130998563594525,0,COMPLETE
323,0.0323609821498394,2022-10-13 06:37:52.387584,2022-10-13 07:01:31.807061,0 days 00:23:39.419477,19,19,0.000495442576096803,0,COMPLETE
324,0.03470771014690399,2022-10-13 06:44:30.106727,2022-10-13 07:07:43.545476,0 days 00:23:13.438749,22,19,0.0003004470323142449,0,COMPLETE
325,0.06356716901063919,2022-10-13 06:47:44.487584,2022-10-13 07:03:32.191567,0 days 00:15:47.703983,22,19,0.00048418912365588777,1,COMPLETE
326,0.03918840363621712,2022-10-13 06:53:48.602869,2022-10-13 07:17:01.202065,0 days 00:23:12.599196,22,19,0.0002980255111389389,0,COMPLETE
327,0.030927084386348724,2022-10-13 06:55:07.264720,2022-10-13 07:19:03.515675,0 days 00:23:56.250955,18,19,0.00046669017523503646,0,COMPLETE
328,0.06830137223005295,2022-10-13 07:01:32.096742,2022-10-13 07:16:33.543358,0 days 00:15:01.446616,18,18,0.00047979726339063793,1,COMPLETE
329,0.03449813649058342,2022-10-13 07:03:32.363925,2022-10-13 07:26:42.487780,0 days 00:23:10.123855,18,18,0.00034718082683495195,0,COMPLETE
330,0.032976362854242325,2022-10-13 07:07:43.649999,2022-10-13 07:30:35.771170,0 days 00:22:52.121171,18,18,0.00036178529292278774,0,COMPLETE
331,0.03295110911130905,2022-10-13 07:16:33.652785,2022-10-13 07:39:29.064908,0 days 00:22:55.412123,17,18,0.0003455645687629122,0,COMPLETE
332,0.03264845907688141,2022-10-13 07:17:01.316899,2022-10-13 07:40:03.214995,0 days 00:23:01.898096,18,18,0.00034562059051599346,0,COMPLETE
333,0.03429513797163963,2022-10-13 07:19:03.600465,2022-10-13 07:41:18.190693,0 days 00:22:14.590228,20,18,0.00038772539713819175,0,COMPLETE
334,0.031615935266017914,2022-10-13 07:26:42.582447,2022-10-13 07:48:56.226754,0 days 00:22:13.644307,23,18,0.0005605605635369728,0,COMPLETE
335,0.029229750856757164,2022-10-13 07:30:35.888600,2022-10-13 07:55:18.406291,0 days 00:24:42.517691,20,20,0.0005616357209023621,0,COMPLETE
336,0.032581303268671036,2022-10-13 07:39:29.175471,2022-10-13 08:04:08.754125,0 days 00:24:39.578654,20,20,0.000531675699500474,0,COMPLETE
337,0.03053176961839199,2022-10-13 07:40:03.326520,2022-10-13 08:04:27.575811,0 days 00:24:24.249291,23,20,0.0005484516414553716,0,COMPLETE
338,0.05814557895064354,2022-10-13 07:41:18.275628,2022-10-13 08:05:59.008198,0 days 00:24:40.732570,20,20,0.00011090840486182912,0,COMPLETE
339,0.028369959443807602,2022-10-13 07:48:56.316029,2022-10-13 08:13:35.291405,0 days 00:24:38.975376,23,20,0.0008068203573380246,0,COMPLETE
340,0.05251574143767357,2022-10-13 07:55:18.522117,2022-10-13 08:19:03.064712,0 days 00:23:44.542595,28,20,0.00013231646868170325,0,COMPLETE
341,0.030520949512720108,2022-10-13 08:04:09.078700,2022-10-13 08:28:16.954634,0 days 00:24:07.875934,23,20,0.0007511036314336563,0,COMPLETE
342,0.02966117672622204,2022-10-13 08:04:27.747215,2022-10-13 08:28:10.321523,0 days 00:23:42.574308,28,20,0.0008099639742386157,0,COMPLETE
343,0.03002081625163555,2022-10-13 08:05:59.093492,2022-10-13 08:29:34.260790,0 days 00:23:35.167298,28,20,0.0007966550855351058,0,COMPLETE
344,0.02921893447637558,2022-10-13 08:13:35.379462,2022-10-13 08:38:09.435349,0 days 00:24:34.055887,23,20,0.0008487701067226793,0,COMPLETE
345,0.03127429634332657,2022-10-13 08:19:03.169941,2022-10-13 08:43:20.751206,0 days 00:24:17.581265,23,20,0.0008314920136215236,0,COMPLETE
346,0.03338751941919327,2022-10-13 08:28:10.436504,2022-10-13 08:52:03.221526,0 days 00:23:52.785022,26,20,0.0008018518231671534,0,COMPLETE
347,0.03360893949866295,2022-10-13 08:28:17.054888,2022-10-13 08:52:00.616048,0 days 00:23:43.561160,26,20,0.0008748668471858265,0,COMPLETE
348,0.033570270985364914,2022-10-13 08:29:34.365400,2022-10-13 08:53:13.605622,0 days 00:23:39.240222,26,20,0.0008803207030352592,0,COMPLETE
349,0.030993878841400146,2022-10-13 08:38:09.521562,2022-10-13 09:02:11.948105,0 days 00:24:02.426543,26,20,0.0008698173347242094,0,COMPLETE
350,0.029457060620188713,2022-10-13 08:43:20.857205,2022-10-13 09:07:27.693946,0 days 00:24:06.836741,24,20,0.0006502147671468915,0,COMPLETE
351,0.032472237944602966,2022-10-13 08:52:00.742776,2022-10-13 09:16:24.078004,0 days 00:24:23.335228,21,20,0.0006102055051510767,0,COMPLETE
352,0.02818804420530796,2022-10-13 08:52:03.322781,2022-10-13 09:16:19.082220,0 days 00:24:15.759439,24,20,0.0006447152538885135,0,COMPLETE
353,0.028681525960564613,2022-10-13 08:53:13.693392,2022-10-13 09:17:27.469077,0 days 00:24:13.775685,21,20,0.0006238145665233753,0,COMPLETE
354,0.02992016077041626,2022-10-13 09:02:12.239617,2022-10-13 09:26:26.534339,0 days 00:24:14.294722,24,20,0.0006476058670448545,0,COMPLETE
355,0.030649127438664436,2022-10-13 09:07:27.804691,2022-10-13 09:31:32.583688,0 days 00:24:04.778997,24,20,0.0006014843152624933,0,COMPLETE
356,0.03217330574989319,2022-10-13 09:16:19.197302,2022-10-13 09:40:34.954978,0 days 00:24:15.757676,24,20,0.000472808381047963,0,COMPLETE
357,0.030605677515268326,2022-10-13 09:16:24.443370,2022-10-13 09:40:12.077370,0 days 00:23:47.634000,24,20,0.0004364169247529877,0,COMPLETE
358,0.03157106414437294,2022-10-13 09:17:27.580784,2022-10-13 09:42:08.783258,0 days 00:24:41.202474,19,20,0.0004491607610174151,0,COMPLETE
359,0.03220439702272415,2022-10-13 09:26:26.623050,2022-10-13 09:51:24.690951,0 days 00:24:58.067901,20,20,0.0004395585485348295,0,COMPLETE
360,,2022-10-13 09:31:32.693934,,,19,20,0.00044269039055993767,0,RUNNING
361,,2022-10-13 09:40:12.193524,,,19,20,0.00045071064761482196,0,RUNNING
362,,2022-10-13 09:40:35.065714,,,19,20,0.0005051706390250467,0,RUNNING
